Android/app/build/intermediates/manifest_merge_blame_file/debug/manifest-merger-blame-debug-report.txt
1<?xml version="1.0" encoding="utf-8"?>
2<manifest xmlns:android="http://schemas.android.com/apk/res/android"
3    package="com.example.ipingpong"
4    android:versionCode="1"
5    android:versionName="1.0" >
6
7    <uses-sdk
8        android:minSdkVersion="23"
8-->src/main/AndroidManifest.xml
9        android:targetSdkVersion="28" />
9-->src/main/AndroidManifest.xml
10
11    <uses-permission android:name="android.permission.ACCESS_WIFI_STATE" />
11-->src/main/AndroidManifest.xml:5:5-76
11-->src/main/AndroidManifest.xml:5:22-73
12    <uses-permission android:name="android.permission.ACCESS_NETWORK_STATE" />
12-->src/main/AndroidManifest.xml:6:5-79
12-->src/main/AndroidManifest.xml:6:22-76
13    <uses-permission android:name="android.permission.INTERNET" />
13-->src/main/AndroidManifest.xml:7:5-67
13-->src/main/AndroidManifest.xml:7:22-64
14    <uses-permission android:name="android.permission.BLUETOOTH" />
14-->src/main/AndroidManifest.xml:8:5-68
14-->src/main/AndroidManifest.xml:8:22-65
15
16    <supports-screens
16-->[:GraduationAR] AndroidManifest.xml:13:5-18:40
17        android:anyDensity="true"
17-->[:GraduationAR] AndroidManifest.xml:14:9-34
18        android:largeScreens="true"
18-->[:GraduationAR] AndroidManifest.xml:15:9-36
19        android:normalScreens="true"
19-->[:GraduationAR] AndroidManifest.xml:16:9-37
20        android:smallScreens="true"
20-->[:GraduationAR] AndroidManifest.xml:17:9-36
21        android:xlargeScreens="true" />
21-->[:GraduationAR] AndroidManifest.xml:18:9-37
22
23    <uses-feature android:glEsVersion="0x00020000" />
23-->[:GraduationAR] AndroidManifest.xml:20:5-54
23-->[:GraduationAR] AndroidManifest.xml:20:19-51
24
25    <uses-permission android:name="android.permission.CAMERA" />
25-->[:GraduationAR] AndroidManifest.xml:23:5-65
25-->[:GraduationAR] AndroidManifest.xml:23:22-62
26
27    <uses-feature
27-->[:GraduationAR] AndroidManifest.xml:25:5-27:36
28        android:name="android.hardware.camera"
28-->[:GraduationAR] AndroidManifest.xml:26:9-47
29        android:required="false" />
29-->[:GraduationAR] AndroidManifest.xml:27:9-33
30    <uses-feature
30-->[:GraduationAR] AndroidManifest.xml:28:5-30:36
31        android:name="android.hardware.camera.autofocus"
31-->[:GraduationAR] AndroidManifest.xml:29:9-57
32        android:required="false" />
32-->[:GraduationAR] AndroidManifest.xml:30:9-33
33    <uses-feature
33-->[:GraduationAR] AndroidManifest.xml:31:5-33:36
34        android:name="android.hardware.camera.front"
34-->[:GraduationAR] AndroidManifest.xml:32:9-53
35        android:required="false" />
35-->[:GraduationAR] AndroidManifest.xml:33:9-33
36
37    <uses-permission
37-->[:GraduationAR] AndroidManifest.xml:35:5-37:38
38        android:name="android.permission.WRITE_EXTERNAL_STORAGE"
38-->[:GraduationAR] AndroidManifest.xml:36:9-65
39        android:maxSdkVersion="18" />
39-->[:GraduationAR] AndroidManifest.xml:37:9-35
40    <uses-permission
40-->[:GraduationAR] AndroidManifest.xml:38:5-40:38
41        android:name="android.permission.READ_EXTERNAL_STORAGE"
41-->[:GraduationAR] AndroidManifest.xml:39:9-64
42        android:maxSdkVersion="18" />
42-->[:GraduationAR] AndroidManifest.xml:40:9-35
43
44    <uses-feature
44-->[:GraduationAR] AndroidManifest.xml:42:5-44:36
45        android:name="android.hardware.touchscreen"
45-->[:GraduationAR] AndroidManifest.xml:43:9-52
46        android:required="false" />
46-->[:GraduationAR] AndroidManifest.xml:44:9-33
47    <uses-feature
47-->[:GraduationAR] AndroidManifest.xml:45:5-47:36
48        android:name="android.hardware.touchscreen.multitouch"
48-->[:GraduationAR] AndroidManifest.xml:46:9-63
49        android:required="false" />
49-->[:GraduationAR] AndroidManifest.xml:47:9-33
50    <uses-feature
50-->[:GraduationAR] AndroidManifest.xml:48:5-50:36
51        android:name="android.hardware.touchscreen.multitouch.distinct"
51-->[:GraduationAR] AndroidManifest.xml:49:9-72
52        android:required="false" />
52-->[:GraduationAR] AndroidManifest.xml:50:9-33
53
54    <application
54-->src/main/AndroidManifest.xml:10:5-31:19
55        android:allowBackup="true"
55-->src/main/AndroidManifest.xml:11:9-35
56        android:appComponentFactory="androidx.core.app.CoreComponentFactory"
56-->[androidx.core:core:1.1.0] AndroidManifest.xml:24:18-86
57        android:banner="@drawable/app_banner"
57-->[:GraduationAR] AndroidManifest.xml:53:9-46
58        android:debuggable="true"
59        android:icon="@mipmap/ic_launcher"
59-->src/main/AndroidManifest.xml:12:9-43
60        android:isGame="true"
60-->[:GraduationAR] AndroidManifest.xml:54:9-30
61        android:label="@string/app_name"
61-->src/main/AndroidManifest.xml:13:9-41
62        android:networkSecurityConfig="@xml/network_security_config"
62-->src/main/AndroidManifest.xml:14:9-69
63        android:roundIcon="@mipmap/ic_launcher_round"
63-->src/main/AndroidManifest.xml:15:9-54
64        android:supportsRtl="true"
64-->src/main/AndroidManifest.xml:16:9-35
65        android:testOnly="true"
66        android:theme="@style/AppTheme" >
66-->src/main/AndroidManifest.xml:17:9-40
67        <activity android:name="com.example.ipingpong.views.AdminProfile.AdminActivity" />
67-->src/main/AndroidManifest.xml:18:9-79
67-->src/main/AndroidManifest.xml:18:19-67
68        <activity android:name="com.example.ipingpong.views.ClubManagerProfile.ClubManagerActivity" />
68-->src/main/AndroidManifest.xml:19:9-82
68-->src/main/AndroidManifest.xml:19:19-79
69        <activity android:name="com.example.ipingpong.views.RegisterActivity" />
69-->src/main/AndroidManifest.xml:20:9-60
69-->src/main/AndroidManifest.xml:20:19-57
70        <activity android:name="com.example.ipingpong.views.ForgetPasswordActivity" />
70-->src/main/AndroidManifest.xml:21:9-66
70-->src/main/AndroidManifest.xml:21:19-63
71        <activity android:name="com.example.ipingpong.views.PlayerProfile.PlayerActivity" />
71-->src/main/AndroidManifest.xml:22:9-72
71-->src/main/AndroidManifest.xml:22:19-69
72        <activity android:name="com.example.ipingpong.views.CoachProfile.CoachActivity" />
72-->src/main/AndroidManifest.xml:23:9-70
72-->src/main/AndroidManifest.xml:23:19-67
73        <activity android:name="com.example.ipingpong.views.LoginActivity" >
73-->src/main/AndroidManifest.xml:24:9-30:20
73-->src/main/AndroidManifest.xml:24:19-54
74            <intent-filter>
74-->src/main/AndroidManifest.xml:25:13-29:29
75                <action android:name="android.intent.action.MAIN" />
75-->src/main/AndroidManifest.xml:26:17-69
75-->src/main/AndroidManifest.xml:26:25-66
76
77                <category android:name="android.intent.category.LAUNCHER" />
77-->src/main/AndroidManifest.xml:28:17-77
77-->src/main/AndroidManifest.xml:28:27-74
78            </intent-filter>
79        </activity>
80        <activity
80-->[:GraduationAR] AndroidManifest.xml:56:9-66:20
81            android:name="com.miu.Graduationar.UnityPlayerActivity"
81-->[:GraduationAR] AndroidManifest.xml:57:13-68
82            android:configChanges="mcc|mnc|locale|touchscreen|keyboard|keyboardHidden|navigation|orientation|screenLayout|uiMode|screenSize|smallestScreenSize|fontScale|layoutDirection|density"
82-->[:GraduationAR] AndroidManifest.xml:58:13-194
83            android:hardwareAccelerated="false"
83-->[:GraduationAR] AndroidManifest.xml:59:13-48
84            android:label="@string/app_name"
84-->[:GraduationAR] AndroidManifest.xml:60:13-45
85            android:launchMode="singleTask"
85-->[:GraduationAR] AndroidManifest.xml:61:13-44
86            android:screenOrientation="fullSensor" >
86-->[:GraduationAR] AndroidManifest.xml:62:13-51
87            <meta-data
87-->[:GraduationAR] AndroidManifest.xml:63:13-65:40
88                android:name="unityplayer.UnityActivity"
88-->[:GraduationAR] AndroidManifest.xml:64:17-57
89                android:value="true" />
89-->[:GraduationAR] AndroidManifest.xml:65:17-37
90        </activity>
91
92        <meta-data
92-->[:GraduationAR] AndroidManifest.xml:68:9-70:68
93            android:name="unity.build-id"
93-->[:GraduationAR] AndroidManifest.xml:69:13-42
94            android:value="d444a5fd-855c-486b-97e0-53918e43f774" />
94-->[:GraduationAR] AndroidManifest.xml:70:13-65
95        <meta-data
95-->[:GraduationAR] AndroidManifest.xml:71:9-73:33
96            android:name="unity.splash-mode"
96-->[:GraduationAR] AndroidManifest.xml:72:13-45
97            android:value="0" />
97-->[:GraduationAR] AndroidManifest.xml:73:13-30
98        <meta-data
98-->[:GraduationAR] AndroidManifest.xml:74:9-76:36
99            android:name="unity.splash-enable"
99-->[:GraduationAR] AndroidManifest.xml:75:13-47
100            android:value="True" />
100-->[:GraduationAR] AndroidManifest.xml:76:13-33
101    </application>
102
103</manifest>